<?xml version="1.0" encoding="UTF-8"?>
<testng-results ignored="0" total="1" passed="1" failed="0" skipped="0">
  <reporter-output>
  </reporter-output>
  <suite started-at="2025-07-12T03:14:43 EEST" name="All Tests" finished-at="2025-07-12T03:14:44 EEST" duration-ms="565">
    <groups>
    </groups>
    <test started-at="2025-07-12T03:14:43 EEST" name="Login Test" finished-at="2025-07-12T03:14:44 EEST" duration-ms="565">
      <class name="testCases.LoginCase">
        <test-method is-config="true" signature="startBrowser()[pri:0, instance:testCases.LoginCase@651aed93]" started-at="2025-07-12T03:14:41 EEST" name="startBrowser" finished-at="2025-07-12T03:14:43 EEST" duration-ms="2521" status="PASS">
          <reporter-output>
          </reporter-output>
        </test-method> <!-- startBrowser -->
        <test-method signature="loginSteps()[pri:0, instance:testCases.LoginCase@651aed93]" started-at="2025-07-12T03:14:43 EEST" name="loginSteps" finished-at="2025-07-12T03:14:44 EEST" duration-ms="474" status="PASS">
          <reporter-output>
          </reporter-output>
        </test-method> <!-- loginSteps -->
        <test-method is-config="true" signature="closeBrowser()[pri:0, instance:testCases.LoginCase@651aed93]" started-at="2025-07-12T03:14:44 EEST" name="closeBrowser" finished-at="2025-07-12T03:14:44 EEST" duration-ms="249" status="PASS">
          <reporter-output>
          </reporter-output>
        </test-method> <!-- closeBrowser -->
      </class> <!-- testCases.LoginCase -->
    </test> <!-- Login Test -->
  </suite> <!-- All Tests -->
</testng-results>
