<?xml version="1.0" encoding="UTF-8"?>
<testng-results ignored="0" total="1" passed="1" failed="0" skipped="0">
  <reporter-output>
  </reporter-output>
  <suite started-at="2025-07-15T01:36:47 EEST" name="Default suite" finished-at="2025-07-15T01:36:48 EEST" duration-ms="1057">
    <groups>
    </groups>
    <test started-at="2025-07-15T01:36:47 EEST" name="Default test" finished-at="2025-07-15T01:36:48 EEST" duration-ms="1057">
      <class name="testCases.LoginCase">
        <test-method is-config="true" signature="startBrowser()[pri:0, instance:testCases.LoginCase@36060e]" started-at="2025-07-15T01:36:45 EEST" name="startBrowser" finished-at="2025-07-15T01:36:47 EEST" duration-ms="2460" status="PASS">
          <reporter-output>
          </reporter-output>
        </test-method> <!-- startBrowser -->
        <test-method signature="loginSteps(java.lang.String,java.lang.String)[pri:0, instance:testCases.LoginCase@36060e]" started-at="2025-07-15T01:36:48 EEST" name="loginSteps" data-provider="loginData" finished-at="2025-07-15T01:36:48 EEST" duration-ms="442" status="PASS">
          <params>
            <param index="0">
              <value>
                <![CDATA[standard_user]]>
              </value>
            </param>
            <param index="1">
              <value>
                <![CDATA[secret_sauce]]>
              </value>
            </param>
          </params>
          <reporter-output>
          </reporter-output>
        </test-method> <!-- loginSteps -->
        <test-method is-config="true" signature="closeBrowser()[pri:0, instance:testCases.LoginCase@36060e]" started-at="2025-07-15T01:36:48 EEST" name="closeBrowser" finished-at="2025-07-15T01:36:48 EEST" duration-ms="167" status="PASS">
          <reporter-output>
          </reporter-output>
        </test-method> <!-- closeBrowser -->
      </class> <!-- testCases.LoginCase -->
    </test> <!-- Default test -->
  </suite> <!-- Default suite -->
</testng-results>
