<?xml version="1.0" encoding="UTF-8"?>
<testng-results ignored="0" total="1" passed="1" failed="0" skipped="0">
  <reporter-output>
  </reporter-output>
  <suite started-at="2025-07-16T00:14:10 EEST" name="LoginSuite" finished-at="2025-07-16T00:14:11 EEST" duration-ms="799">
    <groups>
    </groups>
    <test started-at="2025-07-16T00:14:10 EEST" name="LoginTest" finished-at="2025-07-16T00:14:11 EEST" duration-ms="799">
      <class name="testCases.LoginCase">
        <test-method is-config="true" signature="startBrowser()[pri:0, instance:testCases.LoginCase@36060e]" started-at="2025-07-16T00:14:00 EEST" name="startBrowser" finished-at="2025-07-16T00:14:10 EEST" duration-ms="10075" status="PASS">
          <reporter-output>
          </reporter-output>
        </test-method> <!-- startBrowser -->
        <test-method signature="loginSteps(java.lang.String,java.lang.String)[pri:0, instance:testCases.LoginCase@36060e]" started-at="2025-07-16T00:14:10 EEST" name="loginSteps" data-provider="loginData" finished-at="2025-07-16T00:14:10 EEST" duration-ms="308" status="PASS">
          <params>
            <param index="0">
              <value>
                <![CDATA[standard_user]]>
              </value>
            </param>
            <param index="1">
              <value>
                <![CDATA[secret_sauce]]>
              </value>
            </param>
          </params>
          <reporter-output>
          </reporter-output>
        </test-method> <!-- loginSteps -->
        <test-method is-config="true" signature="closeBrowser()[pri:0, instance:testCases.LoginCase@36060e]" started-at="2025-07-16T00:14:11 EEST" name="closeBrowser" finished-at="2025-07-16T00:14:11 EEST" duration-ms="113" status="PASS">
          <reporter-output>
          </reporter-output>
        </test-method> <!-- closeBrowser -->
      </class> <!-- testCases.LoginCase -->
    </test> <!-- LoginTest -->
  </suite> <!-- LoginSuite -->
</testng-results>
